{"numFailedTestSuites":0,"numFailedTests":0,"numPassedTestSuites":1,"numPassedTests":11,"numPendingTestSuites":0,"numPendingTests":0,"numRuntimeErrorTestSuites":0,"numTodoTests":0,"numTotalTestSuites":1,"numTotalTests":11,"openHandles":[],"snapshot":{"added":0,"didUpdate":false,"failure":false,"filesAdded":0,"filesRemoved":0,"filesRemovedList":[],"filesUnmatched":0,"filesUpdated":0,"matched":0,"total":0,"unchecked":0,"uncheckedKeysByFile":[],"unmatched":0,"updated":0},"startTime":1775983359896,"success":true,"testResults":[{"assertionResults":[{"ancestorTitles":["Reliability Engine & System Tests","1. Rule Engine Pattern Detection"],"duration":10,"failing":false,"failureDetails":[],"failureMessages":[],"fullName":"Reliability Engine & System Tests 1. Rule Engine Pattern Detection should detect EADDRINUSE","invocations":1,"location":null,"numPassingAsserts":1,"retryReasons":[],"startAt":1775983361278,"status":"passed","title":"should detect EADDRINUSE"},{"ancestorTitles":["Reliability Engine & System Tests","1. Rule Engine Pattern Detection"],"duration":2,"failing":false,"failureDetails":[],"failureMessages":[],"fullName":"Reliability Engine & System Tests 1. Rule Engine Pattern Detection should detect OOM","invocations":1,"location":null,"numPassingAsserts":1,"retryReasons":[],"startAt":1775983361293,"status":"passed","title":"should detect OOM"},{"ancestorTitles":["Reliability Engine & System Tests","1. Rule Engine Pattern Detection"],"duration":2,"failing":false,"failureDetails":[],"failureMessages":[],"fullName":"Reliability Engine & System Tests 1. Rule Engine Pattern Detection should detect MODULE_NOT_FOUND","invocations":1,"location":null,"numPassingAsserts":1,"retryReasons":[],"startAt":1775983361297,"status":"passed","title":"should detect MODULE_NOT_FOUND"},{"ancestorTitles":["Reliability Engine & System Tests","1. Rule Engine Pattern Detection"],"duration":2,"failing":false,"failureDetails":[],"failureMessages":[],"fullName":"Reliability Engine & System Tests 1. Rule Engine Pattern Detection should detect ECONNREFUSED","invocations":1,"location":null,"numPassingAsserts":1,"retryReasons":[],"startAt":1775983361301,"status":"passed","title":"should detect ECONNREFUSED"},{"ancestorTitles":["Reliability Engine & System Tests","1. Rule Engine Pattern Detection"],"duration":2,"failing":false,"failureDetails":[],"failureMessages":[],"fullName":"Reliability Engine & System Tests 1. Rule Engine Pattern Detection should detect Permission issues","invocations":1,"location":null,"numPassingAsserts":1,"retryReasons":[],"startAt":1775983361305,"status":"passed","title":"should detect Permission issues"},{"ancestorTitles":["Reliability Engine & System Tests","1. Rule Engine Pattern Detection"],"duration":1,"failing":false,"failureDetails":[],"failureMessages":[],"fullName":"Reliability Engine & System Tests 1. Rule Engine Pattern Detection should deduplicate multiple identical errors","invocations":1,"location":null,"numPassingAsserts":1,"retryReasons":[],"startAt":1775983361309,"status":"passed","title":"should deduplicate multiple identical errors"},{"ancestorTitles":["Reliability Engine & System Tests","2. Crash Loop Detection & 3. AI Trigger"],"duration":3,"failing":false,"failureDetails":[],"failureMessages":[],"fullName":"Reliability Engine & System Tests 2. Crash Loop Detection & 3. AI Trigger should trigger crash loop and AI if restarts > 3 within 60s","invocations":1,"location":null,"numPassingAsserts":3,"retryReasons":[],"startAt":1775983361312,"status":"passed","title":"should trigger crash loop and AI if restarts > 3 within 60s"},{"ancestorTitles":["Reliability Engine & System Tests","4. Health Check System"],"duration":2,"failing":false,"failureDetails":[],"failureMessages":[],"fullName":"Reliability Engine & System Tests 4. Health Check System should mark unhealthy and trigger AI if timeout occurs after grace period","invocations":1,"location":null,"numPassingAsserts":2,"retryReasons":[],"startAt":1775983361318,"status":"passed","title":"should mark unhealthy and trigger AI if timeout occurs after grace period"},{"ancestorTitles":["Reliability Engine & System Tests","4. Health Check System"],"duration":2,"failing":false,"failureDetails":[],"failureMessages":[],"fullName":"Reliability Engine & System Tests 4. Health Check System should gracefully ignore failures during the 15s startup window","invocations":1,"location":null,"numPassingAsserts":1,"retryReasons":[],"startAt":1775983361321,"status":"passed","title":"should gracefully ignore failures during the 15s startup window"},{"ancestorTitles":["Reliability Engine & System Tests","5. Traffic Protection / Rate Limiting"],"duration":0,"failing":false,"failureDetails":[],"failureMessages":[],"fullName":"Reliability Engine & System Tests 5. Traffic Protection / Rate Limiting should block requests over MAX_REQUESTS limit and queue/throttle","invocations":1,"location":null,"numPassingAsserts":1,"retryReasons":[],"startAt":1775983361325,"status":"passed","title":"should block requests over MAX_REQUESTS limit and queue/throttle"},{"ancestorTitles":["Reliability Engine & System Tests","5. Traffic Protection / Rate Limiting"],"duration":1,"failing":false,"failureDetails":[],"failureMessages":[],"fullName":"Reliability Engine & System Tests 5. Traffic Protection / Rate Limiting should trigger AI insights when CPU or MEM > 90%","invocations":1,"location":null,"numPassingAsserts":2,"retryReasons":[],"startAt":1775983361327,"status":"passed","title":"should trigger AI insights when CPU or MEM > 90%"}],"endTime":1775983361333,"message":"","name":"C:\\Try code\\30n3\\1on1\\API-Server\\tests\\reliability.test.js","startTime":1775983360138,"status":"passed","summary":""}],"wasInterrupted":false}
